# JRE version: Java(TM) SE Runtime Environment (8.0_151-b12) (build 1.8.0_151-b12)
# Java VM: Java HotSpot(TM) 64-Bit Server VM (25.151-b12 mixed mode bsd-amd64 compressed oops)
Heap:
 PSYoungGen      total 72704K, used 9189K [0x0000000795580000, 0x000000079a980000, 0x00000007c0000000)
  eden space 64512K, 2% used [0x0000000795580000,0x00000007956f9570,0x0000000799480000)
  from space 8192K, 93% used [0x0000000799600000,0x0000000799d80150,0x0000000799e00000)
  to   space 10752K, 0% used [0x0000000799f00000,0x0000000799f00000,0x000000079a980000)
 ParOldGen       total 55296K, used 6565K [0x0000000740000000, 0x0000000743600000, 0x0000000795580000)
  object space 55296K, 11% used [0x0000000740000000,0x00000007406694b0,0x0000000743600000)
 Metaspace       used 28644K, capacity 29158K, committed 29312K, reserved 1075200K
  class space    used 3995K, capacity 4140K, committed 4224K, reserved 1048576K
GC Heap History (10 events):
Event: 47.490 GC heap before
{Heap before GC invocations=6 (full 1):
 PSYoungGen      total 53248K, used 53184K [0x0000000795580000, 0x0000000799100000, 0x00000007c0000000)
  eden space 50176K, 100% used [0x0000000795580000,0x0000000798680000,0x0000000798680000)
  from space 3072K, 97% used [0x0000000798e00000,0x00000007990f0040,0x0000000799100000)
  to   space 5120K, 0% used [0x0000000798700000,0x0000000798700000,0x0000000798c00000)
 ParOldGen       total 55296K, used 6549K [0x0000000740000000, 0x0000000743600000, 0x0000000795580000)
  object space 55296K, 11% used [0x0000000740000000,0x00000007406654b0,0x0000000743600000)
 Metaspace       used 27521K, capacity 28030K, committed 28160K, reserved 1073152K
  class space    used 3907K, capacity 4032K, committed 4096K, reserved 1048576K
Event: 47.503 GC heap after
Heap after GC invocations=6 (full 1):
 PSYoungGen      total 55808K, used 4320K [0x0000000795580000, 0x000000079ae80000, 0x00000007c0000000)
  eden space 50688K, 0% used [0x0000000795580000,0x0000000795580000,0x0000000798700000)
  from space 5120K, 84% used [0x0000000798700000,0x0000000798b38150,0x0000000798c00000)
  to   space 9216K, 0% used [0x000000079a580000,0x000000079a580000,0x000000079ae80000)
 ParOldGen       total 55296K, used 6549K [0x0000000740000000, 0x0000000743600000, 0x0000000795580000)
  object space 55296K, 11% used [0x0000000740000000,0x00000007406654b0,0x0000000743600000)
 Metaspace       used 27521K, capacity 28030K, committed 28160K, reserved 1073152K
  class space    used 3907K, capacity 4032K, committed 4096K, reserved 1048576K
}
Event: 78.010 GC heap before
{Heap before GC invocations=7 (full 1):
 PSYoungGen      total 55808K, used 55008K [0x0000000795580000, 0x000000079ae80000, 0x00000007c0000000)
  eden space 50688K, 100% used [0x0000000795580000,0x0000000798700000,0x0000000798700000)
  from space 5120K, 84% used [0x0000000798700000,0x0000000798b38150,0x0000000798c00000)
  to   space 9216K, 0% used [0x000000079a580000,0x000000079a580000,0x000000079ae80000)
 ParOldGen       total 55296K, used 6549K [0x0000000740000000, 0x0000000743600000, 0x0000000795580000)
  object space 55296K, 11% used [0x0000000740000000,0x00000007406654b0,0x0000000743600000)
 Metaspace       used 28113K, capacity 28654K, committed 28800K, reserved 1073152K
  class space    used 3961K, capacity 4104K, committed 4224K, reserved 1048576K
Event: 78.016 GC heap after
Heap after GC invocations=7 (full 1):
 PSYoungGen      total 74752K, used 5056K [0x0000000795580000, 0x000000079aa80000, 0x00000007c0000000)
  eden space 69632K, 0% used [0x0000000795580000,0x0000000795580000,0x0000000799980000)
  from space 5120K, 98% used [0x000000079a580000,0x000000079aa70110,0x000000079aa80000)
  to   space 8704K, 0% used [0x0000000799980000,0x0000000799980000,0x000000079a200000)
 ParOldGen       total 55296K, used 6557K [0x0000000740000000, 0x0000000743600000, 0x0000000795580000)
  object space 55296K, 11% used [0x0000000740000000,0x00000007406674b0,0x0000000743600000)
 Metaspace       used 28113K, capacity 28654K, committed 28800K, reserved 1073152K
  class space    used 3961K, capacity 4104K, committed 4224K, reserved 1048576K
}
Event: 113.222 GC heap before
{Heap before GC invocations=8 (full 1):
 PSYoungGen      total 74752K, used 74688K [0x0000000795580000, 0x000000079aa80000, 0x00000007c0000000)
  eden space 69632K, 100% used [0x0000000795580000,0x0000000799980000,0x0000000799980000)
  from space 5120K, 98% used [0x000000079a580000,0x000000079aa70110,0x000000079aa80000)
  to   space 8704K, 0% used [0x0000000799980000,0x0000000799980000,0x000000079a200000)
 ParOldGen       total 55296K, used 6557K [0x0000000740000000, 0x0000000743600000, 0x0000000795580000)
  object space 55296K, 11% used [0x0000000740000000,0x00000007406674b0,0x0000000743600000)
 Metaspace       used 28424K, capacity 28980K, committed 29312K, reserved 1075200K
  class space    used 3966K, capacity 4105K, committed 4224K, reserved 1048576K
Event: 113.234 GC heap after
Heap after GC invocations=8 (full 1):
 PSYoungGen      total 76288K, used 8416K [0x0000000795580000, 0x000000079aa80000, 0x00000007c0000000)
  eden space 67584K, 0% used [0x0000000795580000,0x0000000795580000,0x0000000799780000)
  from space 8704K, 96% used [0x0000000799980000,0x000000079a1b82f0,0x000000079a200000)
  to   space 8704K, 0% used [0x000000079a200000,0x000000079a200000,0x000000079aa80000)
 ParOldGen       total 55296K, used 6557K [0x0000000740000000, 0x0000000743600000, 0x0000000795580000)
  object space 55296K, 11% used [0x0000000740000000,0x00000007406674b0,0x0000000743600000)
 Metaspace       used 28424K, capacity 28980K, committed 29312K, reserved 1075200K
  class space    used 3966K, capacity 4105K, committed 4224K, reserved 1048576K
}
Event: 3275.439 GC heap before
{Heap before GC invocations=9 (full 1):
 PSYoungGen      total 76288K, used 76000K [0x0000000795580000, 0x000000079aa80000, 0x00000007c0000000)
  eden space 67584K, 100% used [0x0000000795580000,0x0000000799780000,0x0000000799780000)
  from space 8704K, 96% used [0x0000000799980000,0x000000079a1b82f0,0x000000079a200000)
  to   space 8704K, 0% used [0x000000079a200000,0x000000079a200000,0x000000079aa80000)
 ParOldGen       total 55296K, used 6557K [0x0000000740000000, 0x0000000743600000, 0x0000000795580000)
  object space 55296K, 11% used [0x0000000740000000,0x00000007406674b0,0x0000000743600000)
 Metaspace       used 28575K, capacity 29146K, committed 29312K, reserved 1075200K
  class space    used 3993K, capacity 4138K, committed 4224K, reserved 1048576K
Event: 3275.481 GC heap after
Heap after GC invocations=9 (full 1):
 PSYoungGen      total 74752K, used 8544K [0x0000000795580000, 0x000000079ab00000, 0x00000007c0000000)
  eden space 66048K, 0% used [0x0000000795580000,0x0000000795580000,0x0000000799600000)
  from space 8704K, 98% used [0x000000079a200000,0x000000079aa582f0,0x000000079aa80000)
  to   space 10752K, 0% used [0x0000000799600000,0x0000000799600000,0x000000079a080000)
 ParOldGen       total 55296K, used 6565K [0x0000000740000000, 0x0000000743600000, 0x0000000795580000)
  object space 55296K, 11% used [0x0000000740000000,0x00000007406694b0,0x0000000743600000)
 Metaspace       used 28575K, capacity 29146K, committed 29312K, reserved 1075200K
  class space    used 3993K, capacity 4138K, committed 4224K, reserved 1048576K
}
Event: 5503.030 GC heap before
{Heap before GC invocations=10 (full 1):
 PSYoungGen      total 74752K, used 74592K [0x0000000795580000, 0x000000079ab00000, 0x00000007c0000000)
  eden space 66048K, 100% used [0x0000000795580000,0x0000000799600000,0x0000000799600000)
  from space 8704K, 98% used [0x000000079a200000,0x000000079aa582f0,0x000000079aa80000)
  to   space 10752K, 0% used [0x0000000799600000,0x0000000799600000,0x000000079a080000)
 ParOldGen       total 55296K, used 6565K [0x0000000740000000, 0x0000000743600000, 0x0000000795580000)
  object space 55296K, 11% used [0x0000000740000000,0x00000007406694b0,0x0000000743600000)
 Metaspace       used 28644K, capacity 29158K, committed 29312K, reserved 1075200K
  class space    used 3995K, capacity 4140K, committed 4224K, reserved 1048576K
Event: 5503.041 GC heap after
Heap after GC invocations=10 (full 1):
 PSYoungGen      total 72704K, used 7680K [0x0000000795580000, 0x000000079a980000, 0x00000007c0000000)
  eden space 64512K, 0% used [0x0000000795580000,0x0000000795580000,0x0000000799480000)
  from space 8192K, 93% used [0x0000000799600000,0x0000000799d80150,0x0000000799e00000)
  to   space 10752K, 0% used [0x0000000799f00000,0x0000000799f00000,0x000000079a980000)
 ParOldGen       total 55296K, used 6565K [0x0000000740000000, 0x0000000743600000, 0x0000000795580000)
  object space 55296K, 11% used [0x0000000740000000,0x00000007406694b0,0x0000000743600000)
 Metaspace       used 28644K, capacity 29158K, committed 29312K, reserved 1075200K
  class space    used 3995K, capacity 4140K, committed 4224K, reserved 1048576K
}

